0 verbose cli C:\Program Files\nodejs\node.exe C:\Program Files\nodejs\node_modules\npm\bin\npm-cli.js
1 info using npm@10.8.2
2 info using node@v20.17.0
3 silly config load:file:C:\Users\vainf\AppData\Roaming\nvm\v20.17.0\node_modules\npm\npmrc
4 silly config load:file:d:\03_github\HomeWorkOutApp\.npmrc
5 silly config load:file:C:\Users\vainf\.npmrc
6 silly config load:file:C:\Program Files\nodejs\etc\npmrc
7 verbose title npm view sqlite3 description dist-tags.latest homepage version time
8 verbose argv "view" "--json" "--" "sqlite3" "description" "dist-tags.latest" "homepage" "version" "time"
9 verbose logfile logs-max:10 dir:d:\03_github\HomeWorkOutApp\.npm-cache\_logs\2025-08-11T16_10_37_975Z-
10 verbose logfile d:\03_github\HomeWorkOutApp\.npm-cache\_logs\2025-08-11T16_10_37_975Z-debug-0.log
11 silly logfile done cleaning log files
12 http fetch GET 200 https://registry.npmjs.org/npm 154ms
13 http fetch GET 200 https://registry.npmjs.org/sqlite3 220ms (cache miss)
14 verbose cwd d:\03_github\HomeWorkOutApp
15 verbose os Windows_NT 10.0.26100
16 verbose node v20.17.0
17 verbose npm  v10.8.2
18 notice
18 notice New major version of npm available! 10.8.2 -> 11.5.2
18 notice Changelog: https://github.com/npm/cli/releases/tag/v11.5.2
18 notice To update run: npm install -g npm@11.5.2
18 notice  { force: true, [Symbol(proc-log.meta)]: true }
19 verbose exit 0
20 info ok
